isatty(0)                                        = 0
getline(0x7fff4a5a4fa8, 0x7fff4a5a4fb0, 0x7f77bd6faaa0, 0x7fff4a5a4fb0) = 22
malloc(8192)                                     = 0x5580c5b27330
strtok("../../hbtn_ls/ls /var\n", " \t\r\n\a")   = "../../hbtn_ls/ls"
strtok(nil, " \t\r\n\a")                         = "/var"
strtok(nil, " \t\r\n\a")                         = nil
strcmp("../../hbtn_ls/ls", "exit")               = -55
access("../../hbtn_ls/ls", 1)                    = 0
fork()                                           = 979
waitpid(979, 0x7fff4a5a4fa8, 2backups
cache
lib
local
lock
log
mail
opt
run
spool
tmp
www
 <no return ...>
--- SIGCHLD (Child exited) ---
<... waitpid resumed> )                          = 979
free(0x5580c5b262a0)                             = <void>
free(0x5580c5b27330)                             = <void>
getline(0x7fff4a5a4fa8, 0x7fff4a5a4fb0, 0x7f77bd6faaa0, 0x7fff4a5a4fb0) = 1
malloc(8192)                                     = 0x5580c5b27330
strtok("\n", " \t\r\n\a")                        = nil
free(0x5580c5b262a0)                             = <void>
free(0x5580c5b27330)                             = <void>
getline(0x7fff4a5a4fa8, 0x7fff4a5a4fb0, 0x7f77bd6faaa0, 0x7fff4a5a4fb0) = -1
free(0x5580c5b262a0)                             = <void>
+++ exited (status 0) +++
